[debug] [2022-11-18T15:22:25.368Z] ----------------------------------------------------------------------
[debug] [2022-11-18T15:22:25.371Z] Command:       C:\Program Files\nodejs\node.exe C:\Users\wasiq\AppData\Roaming\npm\node_modules\firebase-tools\lib\bin\firebase.js init
[debug] [2022-11-18T15:22:25.372Z] CLI Version:   11.16.1
[debug] [2022-11-18T15:22:25.372Z] Platform:      win32
[debug] [2022-11-18T15:22:25.372Z] Node Version:  v16.16.0
[debug] [2022-11-18T15:22:25.373Z] Time:          Fri Nov 18 2022 20:22:25 GMT+0500 (Pakistan Standard Time)
[debug] [2022-11-18T15:22:25.374Z] ----------------------------------------------------------------------
[debug] 
[debug] [2022-11-18T15:22:25.382Z] > command requires scopes: ["email","openid","https://www.googleapis.com/auth/cloudplatformprojects.readonly","https://www.googleapis.com/auth/firebase","https://www.googleapis.com/auth/cloud-platform"]
[debug] [2022-11-18T15:22:25.383Z] > authorizing via signed-in user (samsunggrandprimeplus056@gmail.com)
[info] 
     ######## #### ########  ######## ########     ###     ######  ########
     ##        ##  ##     ## ##       ##     ##  ##   ##  ##       ##
     ######    ##  ########  ######   ########  #########  ######  ######
     ##        ##  ##    ##  ##       ##     ## ##     ##       ## ##
     ##       #### ##     ## ######## ########  ##     ##  ######  ########

You're about to initialize a Firebase project in this directory:

  G:\Upwork\QuranQuizApp\Updated2\quranapp

[info] 
=== Project Setup
[info] 
[info] First, let's associate this project directory with a Firebase project.
[info] You can create multiple project aliases by running firebase use --add, 
[info] but for now we'll just set up a default project.
[info] 
[debug] [2022-11-18T15:22:51.900Z] >>> [apiv2][query] GET https://firebase.googleapis.com/v1beta1/projects pageSize=100
[debug] [2022-11-18T15:22:53.033Z] <<< [apiv2][status] GET https://firebase.googleapis.com/v1beta1/projects 200
[debug] [2022-11-18T15:22:53.034Z] <<< [apiv2][body] GET https://firebase.googleapis.com/v1beta1/projects [omitted]
[info] i  Using project quranquiz-9bf12 (quranquiz) 
[info] 
=== Hosting Setup
[info] 
[info] Your public directory is the folder (relative to your project directory) that
[info] will contain Hosting assets to be uploaded with firebase deploy. If you
[info] have a build process for your assets, use your build's output directory.
[info] 
[debug] [2022-11-18T15:23:08.935Z] >>> [apiv2][query] GET https://www.gstatic.com/firebasejs/releases.json [none]
[debug] [2022-11-18T15:23:11.651Z] <<< [apiv2][status] GET https://www.gstatic.com/firebasejs/releases.json 200
[debug] [2022-11-18T15:23:11.651Z] <<< [apiv2][body] GET https://www.gstatic.com/firebasejs/releases.json {"current":{"version":"9.14.0","browserURL":"https://www.gstatic.com/firebasejs/9.14.0/firebase.js","packageURL":"https://www.gstatic.com/firebasejs/9.14.0/firebase.tgz"},"live":{"version":"9.14","browserURL":"https://www.gstatic.com/firebasejs/live/9.14/firebase.js","packageURL":"https://www.gstatic.com/firebasejs/live/9.14/firebase.tgz"},"components":{"analytics":"https://www.gstatic.com/firebasejs/9.14.0/firebase-analytics.js","app":"https://www.gstatic.com/firebasejs/9.14.0/firebase-app.js","app-check":"https://www.gstatic.com/firebasejs/9.14.0/firebase-app-check.js","auth":"https://www.gstatic.com/firebasejs/9.14.0/firebase-auth.js","auth/cordova":"https://www.gstatic.com/firebasejs/9.14.0/firebase-auth/cordova.js","auth/react-native":"https://www.gstatic.com/firebasejs/9.14.0/firebase-auth/react-native.js","functions":"https://www.gstatic.com/firebasejs/9.14.0/firebase-functions.js","firestore":"https://www.gstatic.com/firebasejs/9.14.0/firebase-firestore.js","firestore/lite":"https://www.gstatic.com/firebasejs/9.14.0/firebase-firestore/lite.js","installations":"https://www.gstatic.com/firebasejs/9.14.0/firebase-installations.js","storage":"https://www.gstatic.com/firebasejs/9.14.0/firebase-storage.js","performance":"https://www.gstatic.com/firebasejs/9.14.0/firebase-performance.js","remote-config":"https://www.gstatic.com/firebasejs/9.14.0/firebase-remote-config.js","messaging":"https://www.gstatic.com/firebasejs/9.14.0/firebase-messaging.js","messaging/sw":"https://www.gstatic.com/firebasejs/9.14.0/firebase-messaging/sw.js","database":"https://www.gstatic.com/firebasejs/9.14.0/firebase-database.js","firestore.memory":"https://www.gstatic.com/firebasejs/9.14.0/firebase-firestore.memory.js"}}
[info] +  Wrote build/index.html 
[info] 
[info] i  Detected a .git folder at G:\Upwork\QuranQuizApp\Updated2\quranapp 
[info] i  Authorizing with GitHub to upload your service account to a GitHub repository's secrets store. 
[info] 
[info] Visit this URL on this device to log in:
[info] https://github.com/login/oauth/authorize?client_id=89cf50f02ac6aaed3484&state=424830340&redirect_uri=http%3A%2F%2Flocalhost%3A9005&scope=read%3Auser%20repo%20public_repo
[info] 
[info] Waiting for authentication...
[debug] [2022-11-18T15:23:38.739Z] >>> [apiv2][query] POST https://github.com/login/oauth/access_token [none]
[debug] [2022-11-18T15:23:38.739Z] >>> [apiv2][body] POST https://github.com/login/oauth/access_token [stream]
[debug] [2022-11-18T15:23:39.443Z] <<< [apiv2][status] POST https://github.com/login/oauth/access_token 200
[debug] [2022-11-18T15:23:39.443Z] <<< [apiv2][body] POST https://github.com/login/oauth/access_token {"access_token":"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","token_type":"bearer","scope":"read:user,repo"}
[debug] [2022-11-18T15:23:39.450Z] >>> [apiv2][query] GET https://api.github.com/user [none]
[debug] [2022-11-18T15:23:46.855Z] <<< [apiv2][status] GET https://api.github.com/user 200
[debug] [2022-11-18T15:23:46.855Z] <<< [apiv2][body] GET https://api.github.com/user {"login":"chwasiq0569","id":62129125,"node_id":"MDQ6VXNlcjYyMTI5MTI1","avatar_url":"https://avatars.githubusercontent.com/u/62129125?v=4","gravatar_id":"","url":"https://api.github.com/users/chwasiq0569","html_url":"https://github.com/chwasiq0569","followers_url":"https://api.github.com/users/chwasiq0569/followers","following_url":"https://api.github.com/users/chwasiq0569/following{/other_user}","gists_url":"https://api.github.com/users/chwasiq0569/gists{/gist_id}","starred_url":"https://api.github.com/users/chwasiq0569/starred{/owner}{/repo}","subscriptions_url":"https://api.github.com/users/chwasiq0569/subscriptions","organizations_url":"https://api.github.com/users/chwasiq0569/orgs","repos_url":"https://api.github.com/users/chwasiq0569/repos","events_url":"https://api.github.com/users/chwasiq0569/events{/privacy}","received_events_url":"https://api.github.com/users/chwasiq0569/received_events","type":"User","site_admin":false,"name":"Wasiq Abdullah","company":null,"blog":"https://wasiqabdullah-portfolio-f219a.web.app/","location":"Pakistan","email":null,"hireable":null,"bio":"Full-Stack Web Developer. I Code in Javascript, ReactJS, Redux, NodeJS & ExpressJS. \r\n","twitter_username":null,"public_repos":93,"public_gists":0,"followers":2,"following":1,"created_at":"2020-03-13T05:11:22Z","updated_at":"2022-07-31T08:04:47Z","private_gists":0,"total_private_repos":1,"owned_private_repos":1,"disk_usage":489599,"collaborators":0,"two_factor_authentication":true,"plan":{"name":"free","space":976562499,"collaborators":0,"private_repos":10000}}
[info] 
[info] +  Success! Logged into GitHub as chwasiq0569 
[info] 
[debug] [2022-11-18T15:24:10.062Z] >>> [apiv2][query] GET https://api.github.com/repos//actions/secrets/public-key type=owner
[debug] [2022-11-18T15:24:10.695Z] <<< [apiv2][status] GET https://api.github.com/repos//actions/secrets/public-key 404
[debug] [2022-11-18T15:24:10.695Z] <<< [apiv2][body] GET https://api.github.com/repos//actions/secrets/public-key {"message":"Not Found","documentation_url":"https://docs.github.com/rest"}
[debug] [2022-11-18T15:26:54.768Z] >>> [apiv2][query] GET https://api.github.com/repos//actions/secrets/public-key type=owner
[debug] [2022-11-18T15:26:55.572Z] <<< [apiv2][status] GET https://api.github.com/repos//actions/secrets/public-key 404
[debug] [2022-11-18T15:26:55.572Z] <<< [apiv2][body] GET https://api.github.com/repos//actions/secrets/public-key {"message":"Not Found","documentation_url":"https://docs.github.com/rest"}
[debug] [2022-11-18T15:33:06.806Z] >>> [apiv2][query] GET https://api.github.com/repos/https://github.com/chwasiq0569/QuranQuizTestingRepo.git/actions/secrets/public-key type=owner
[debug] [2022-11-18T15:33:26.398Z] >>> [apiv2][query] GET https://api.github.com/repos/https://github.com/chwasiq0569/QuranQuizTestingRepo.git/actions/secrets/public-key type=owner
[debug] [2022-11-18T15:33:30.318Z] >>> [apiv2][query] GET https://api.github.com/repos/https://github.com/chwasiq0569/QuranQuizTestingRepo.git/actions/secrets/public-key type=owner
[debug] [2022-11-18T15:33:30.837Z] >>> [apiv2][query] GET https://api.github.com/repos/https://github.com/chwasiq0569/QuranQuizTestingRepo.git/actions/secrets/public-key type=owner
[debug] [2022-11-18T15:33:30.852Z] >>> [apiv2][query] GET https://api.github.com/repos/https://github.com/chwasiq0569/QuranQuizTestingRepo.git/actions/secrets/public-key type=owner
[debug] [2022-11-18T15:33:30.897Z] >>> [apiv2][query] GET https://api.github.com/repos/https://github.com/chwasiq0569/QuranQuizTestingRepo.git/actions/secrets/public-key type=owner
[debug] [2022-11-18T15:33:30.929Z] >>> [apiv2][query] GET https://api.github.com/repos/https://github.com/chwasiq0569/QuranQuizTestingRepo.git/actions/secrets/public-key type=owner
[debug] [2022-11-18T15:33:30.962Z] >>> [apiv2][query] GET https://api.github.com/repos/https://github.com/chwasiq0569/QuranQuizTestingRepo.git/actions/secrets/public-key type=owner
[debug] [2022-11-18T15:33:30.993Z] >>> [apiv2][query] GET https://api.github.com/repos/https://github.com/chwasiq0569/QuranQuizTestingRepo.git/actions/secrets/public-key type=owner
[debug] [2022-11-18T15:33:31.025Z] >>> [apiv2][query] GET https://api.github.com/repos/https://github.com/chwasiq0569/QuranQuizTestingRepo.git/actions/secrets/public-key type=owner
[debug] [2022-11-18T15:33:31.059Z] >>> [apiv2][query] GET https://api.github.com/repos/https://github.com/chwasiq0569/QuranQuizTestingRepo.git/actions/secrets/public-key type=owner
[debug] [2022-11-18T15:33:31.087Z] >>> [apiv2][query] GET https://api.github.com/repos/https://github.com/chwasiq0569/QuranQuizTestingRepo.git/actions/secrets/public-key type=owner
[debug] [2022-11-18T15:33:31.119Z] >>> [apiv2][query] GET https://api.github.com/repos/https://github.com/chwasiq0569/QuranQuizTestingRepo.git/actions/secrets/public-key type=owner
[debug] [2022-11-18T15:33:31.149Z] >>> [apiv2][query] GET https://api.github.com/repos/https://github.com/chwasiq0569/QuranQuizTestingRepo.git/actions/secrets/public-key type=owner
[debug] [2022-11-18T15:33:31.197Z] >>> [apiv2][query] GET https://api.github.com/repos/https://github.com/chwasiq0569/QuranQuizTestingRepo.git/actions/secrets/public-key type=owner
[debug] [2022-11-18T15:33:31.264Z] >>> [apiv2][query] GET https://api.github.com/repos/https://github.com/chwasiq0569/QuranQuizTestingRepo.git/actions/secrets/public-key type=owner
[debug] [2022-11-18T15:33:31.267Z] >>> [apiv2][query] GET https://api.github.com/repos//actions/secrets/public-key type=owner
[debug] [2022-11-18T15:33:31.292Z] >>> [apiv2][query] GET https://api.github.com/repos/https://github.com/chwasiq0569/QuranQuizTestingRepo.git/actions/secrets/public-key type=owner
[debug] [2022-11-18T15:33:31.321Z] >>> [apiv2][query] GET https://api.github.com/repos/https://github.com/chwasiq0569/QuranQuizTestingRepo.git/actions/secrets/public-key type=owner
[debug] [2022-11-18T15:33:31.352Z] >>> [apiv2][query] GET https://api.github.com/repos/https://github.com/chwasiq0569/QuranQuizTestingRepo.git/actions/secrets/public-key type=owner
[debug] [2022-11-18T15:33:31.382Z] >>> [apiv2][query] GET https://api.github.com/repos/https://github.com/chwasiq0569/QuranQuizTestingRepo.git/actions/secrets/public-key type=owner
[debug] [2022-11-18T15:33:31.414Z] >>> [apiv2][query] GET https://api.github.com/repos/https://github.com/chwasiq0569/QuranQuizTestingRepo.git/actions/secrets/public-key type=owner
[debug] [2022-11-18T15:33:31.445Z] >>> [apiv2][query] GET https://api.github.com/repos/https://github.com/chwasiq0569/QuranQuizTestingRepo.git/actions/secrets/public-key type=owner
[debug] [2022-11-18T15:33:31.493Z] >>> [apiv2][query] GET https://api.github.com/repos/https://github.com/chwasiq0569/QuranQuizTestingRepo.git/actions/secrets/public-key type=owner
[debug] [2022-11-18T15:33:31.523Z] >>> [apiv2][query] GET https://api.github.com/repos/https://github.com/chwasiq0569/QuranQuizTestingRepo.git/actions/secrets/public-key type=owner
[debug] [2022-11-18T15:33:31.581Z] >>> [apiv2][query] GET https://api.github.com/repos/https://github.com/chwasiq0569/QuranQuizTestingRepo.git/actions/secrets/public-key type=owner
[debug] [2022-11-18T15:33:31.600Z] >>> [apiv2][query] GET https://api.github.com/repos/https://github.com/chwasiq0569/QuranQuizTestingRepo.git/actions/secrets/public-key type=owner
[debug] [2022-11-18T15:33:31.619Z] >>> [apiv2][query] GET https://api.github.com/repos/https://github.com/chwasiq0569/QuranQuizTestingRepo.git/actions/secrets/public-key type=owner
[debug] [2022-11-18T15:33:31.651Z] >>> [apiv2][query] GET https://api.github.com/repos/https://github.com/chwasiq0569/QuranQuizTestingRepo.git/actions/secrets/public-key type=owner
[debug] [2022-11-18T15:33:31.683Z] >>> [apiv2][query] GET https://api.github.com/repos/https://github.com/chwasiq0569/QuranQuizTestingRepo.git/actions/secrets/public-key type=owner
[debug] [2022-11-18T15:33:31.715Z] >>> [apiv2][query] GET https://api.github.com/repos/https://github.com/chwasiq0569/QuranQuizTestingRepo.git/actions/secrets/public-key type=owner
[debug] [2022-11-18T15:33:31.746Z] >>> [apiv2][query] GET https://api.github.com/repos/https://github.com/chwasiq0569/QuranQuizTestingRepo.git/actions/secrets/public-key type=owner
[debug] [2022-11-18T15:33:31.777Z] >>> [apiv2][query] GET https://api.github.com/repos/https://github.com/chwasiq0569/QuranQuizTestingRepo.git/actions/secrets/public-key type=owner
[debug] [2022-11-18T15:33:31.809Z] >>> [apiv2][query] GET https://api.github.com/repos/https://github.com/chwasiq0569/QuranQuizTestingRepo.git/actions/secrets/public-key type=owner
[debug] [2022-11-18T15:33:32.301Z] >>> [apiv2][query] GET https://api.github.com/repos/https://github.com/chwasiq0569/QuranQuizTestingRepo.git/actions/secrets/public-key type=owner
[debug] [2022-11-18T15:33:32.429Z] >>> [apiv2][query] GET https://api.github.com/repos/https://github.com/chwasiq0569/QuranQuizTestingRepo.git/actions/secrets/public-key type=owner
